2023-04-06T10:53:42+00:00 DEBUG tt4b_product_sync: missing access token for tt4b_product_sync
2023-04-06T10:53:55+00:00 DEBUG tt4b_product_sync: missing access token for tt4b_product_sync
2023-04-06T10:55:56+00:00 DEBUG tt4b_product_sync: missing access token for tt4b_product_sync
2023-04-06T10:56:06+00:00 DEBUG tt4b_product_sync: missing access token for tt4b_product_sync
2023-04-06T10:56:52+00:00 DEBUG Tt4b_Pixel_Class::inject_start_checkout: hit injectStartCheckout
2023-04-06T10:56:52+00:00 DEBUG Tt4b_Pixel_Class::inject_start_checkout: Missing option "access_token"
2023-04-06T11:01:49+00:00 DEBUG Tt4b_Pixel_Class::inject_view_content_event: hit injectViewContentEvent
2023-04-06T11:01:49+00:00 DEBUG Tt4b_Pixel_Class::inject_view_content_event: Missing option "access_token"
2023-04-06T11:02:15+00:00 DEBUG Tt4b_Pixel_Class::inject_add_to_cart_event: hit injectAddToCartEvent
2023-04-06T11:02:15+00:00 DEBUG Tt4b_Pixel_Class::inject_add_to_cart_event: Missing option "access_token"
2023-04-06T11:02:17+00:00 DEBUG Tt4b_Pixel_Class::inject_view_content_event: hit injectViewContentEvent
2023-04-06T11:02:17+00:00 DEBUG Tt4b_Pixel_Class::inject_view_content_event: Missing option "access_token"
2023-04-06T11:03:29+00:00 DEBUG Tt4b_Pixel_Class::inject_add_to_cart_event: hit injectAddToCartEvent
2023-04-06T11:03:29+00:00 DEBUG Tt4b_Pixel_Class::inject_add_to_cart_event: Missing option "access_token"
2023-04-06T11:03:30+00:00 DEBUG Tt4b_Pixel_Class::inject_view_content_event: hit injectViewContentEvent
2023-04-06T11:03:30+00:00 DEBUG Tt4b_Pixel_Class::inject_view_content_event: Missing option "access_token"
2023-04-06T11:04:11+00:00 DEBUG Tt4b_Pixel_Class::inject_view_content_event: hit injectViewContentEvent
2023-04-06T11:04:11+00:00 DEBUG Tt4b_Pixel_Class::inject_view_content_event: Missing option "access_token"
2023-04-06T11:05:06+00:00 DEBUG Tt4b_Pixel_Class::inject_view_content_event: hit injectViewContentEvent
2023-04-06T11:05:06+00:00 DEBUG Tt4b_Pixel_Class::inject_view_content_event: Missing option "access_token"
2023-04-06T11:05:12+00:00 DEBUG Tt4b_Pixel_Class::inject_view_content_event: hit injectViewContentEvent
2023-04-06T11:05:12+00:00 DEBUG Tt4b_Pixel_Class::inject_view_content_event: Missing option "access_token"
2023-04-06T11:16:38+00:00 DEBUG tt4b_product_sync: missing access token for tt4b_product_sync
2023-04-06T11:16:59+00:00 DEBUG Tt4b_Pixel_Class::inject_view_content_event: hit injectViewContentEvent
2023-04-06T11:16:59+00:00 DEBUG Tt4b_Pixel_Class::inject_view_content_event: Missing option "access_token"
2023-04-06T11:17:11+00:00 DEBUG Tt4b_Pixel_Class::inject_add_to_cart_event: hit injectAddToCartEvent
2023-04-06T11:17:11+00:00 DEBUG Tt4b_Pixel_Class::inject_add_to_cart_event: Missing option "access_token"
2023-04-06T11:17:11+00:00 DEBUG Tt4b_Pixel_Class::inject_view_content_event: hit injectViewContentEvent
2023-04-06T11:17:11+00:00 DEBUG Tt4b_Pixel_Class::inject_view_content_event: Missing option "access_token"
2023-04-06T11:18:21+00:00 DEBUG tt4b_product_sync: missing access token for tt4b_product_sync
2023-04-06T11:19:05+00:00 DEBUG Tt4b_Pixel_Class::inject_view_content_event: hit injectViewContentEvent
2023-04-06T11:19:05+00:00 DEBUG Tt4b_Pixel_Class::inject_view_content_event: Missing option "access_token"
2023-04-06T11:24:08+00:00 DEBUG tt4b_product_sync: missing access token for tt4b_product_sync
2023-04-06T11:24:22+00:00 DEBUG tt4b_product_sync: missing access token for tt4b_product_sync
2023-04-06T11:25:22+00:00 DEBUG tt4b_product_sync: missing access token for tt4b_product_sync
2023-04-06T11:32:47+00:00 DEBUG Tt4b_Pixel_Class::inject_view_content_event: hit injectViewContentEvent
2023-04-06T11:32:47+00:00 DEBUG Tt4b_Pixel_Class::inject_view_content_event: Missing option "access_token"
2023-04-06T11:35:54+00:00 DEBUG Tt4b_Pixel_Class::inject_view_content_event: hit injectViewContentEvent
2023-04-06T11:35:54+00:00 DEBUG Tt4b_Pixel_Class::inject_view_content_event: Missing option "access_token"
2023-04-06T11:51:58+00:00 DEBUG Tt4b_Pixel_Class::inject_view_content_event: hit injectViewContentEvent
2023-04-06T11:51:58+00:00 DEBUG Tt4b_Pixel_Class::inject_view_content_event: Missing option "access_token"
2023-04-06T11:52:05+00:00 DEBUG Tt4b_Pixel_Class::inject_add_to_cart_event: hit injectAddToCartEvent
2023-04-06T11:52:05+00:00 DEBUG Tt4b_Pixel_Class::inject_add_to_cart_event: Missing option "access_token"
2023-04-06T11:52:05+00:00 DEBUG Tt4b_Pixel_Class::inject_view_content_event: hit injectViewContentEvent
2023-04-06T11:52:05+00:00 DEBUG Tt4b_Pixel_Class::inject_view_content_event: Missing option "access_token"
2023-04-06T11:52:44+00:00 DEBUG Tt4b_Pixel_Class::inject_view_content_event: hit injectViewContentEvent
2023-04-06T11:52:44+00:00 DEBUG Tt4b_Pixel_Class::inject_view_content_event: Missing option "access_token"
2023-04-06T11:52:53+00:00 DEBUG Tt4b_Pixel_Class::inject_add_to_cart_event: hit injectAddToCartEvent
2023-04-06T11:52:53+00:00 DEBUG Tt4b_Pixel_Class::inject_add_to_cart_event: Missing option "access_token"
2023-04-06T11:52:54+00:00 DEBUG Tt4b_Pixel_Class::inject_view_content_event: hit injectViewContentEvent
2023-04-06T11:52:54+00:00 DEBUG Tt4b_Pixel_Class::inject_view_content_event: Missing option "access_token"
2023-04-06T20:04:54+00:00 DEBUG tt4b_product_sync: missing access token for tt4b_product_sync
2023-04-06T20:04:54+00:00 DEBUG tt4b_product_delete: missing access token for tt4b_product_sync
2023-04-06T20:04:55+00:00 DEBUG tt4b_product_sync: missing access token for tt4b_product_sync
2023-04-06T20:04:55+00:00 DEBUG tt4b_product_delete: missing access token for tt4b_product_sync
2023-04-06T20:04:55+00:00 DEBUG tt4b_product_sync: missing access token for tt4b_product_sync
2023-04-06T20:04:55+00:00 DEBUG tt4b_product_delete: missing access token for tt4b_product_sync
2023-04-06T20:04:55+00:00 DEBUG tt4b_product_sync: missing access token for tt4b_product_sync
2023-04-06T20:04:55+00:00 DEBUG tt4b_product_delete: missing access token for tt4b_product_sync
2023-04-06T20:04:55+00:00 DEBUG tt4b_product_sync: missing access token for tt4b_product_sync
2023-04-06T20:04:55+00:00 DEBUG tt4b_product_delete: missing access token for tt4b_product_sync
2023-04-06T20:04:55+00:00 DEBUG tt4b_product_sync: missing access token for tt4b_product_sync
2023-04-06T20:04:55+00:00 DEBUG tt4b_product_delete: missing access token for tt4b_product_sync
2023-04-06T20:04:55+00:00 DEBUG tt4b_product_sync: missing access token for tt4b_product_sync
2023-04-06T20:04:55+00:00 DEBUG tt4b_product_delete: missing access token for tt4b_product_sync
2023-04-06T20:04:55+00:00 DEBUG tt4b_product_sync: missing access token for tt4b_product_sync
2023-04-06T20:04:55+00:00 DEBUG tt4b_product_delete: missing access token for tt4b_product_sync
2023-04-06T20:04:55+00:00 DEBUG tt4b_product_sync: missing access token for tt4b_product_sync
2023-04-06T20:04:55+00:00 DEBUG tt4b_product_delete: missing access token for tt4b_product_sync
2023-04-06T20:04:55+00:00 DEBUG tt4b_product_sync: missing access token for tt4b_product_sync
2023-04-06T20:04:55+00:00 DEBUG tt4b_product_delete: missing access token for tt4b_product_sync
2023-04-06T20:04:55+00:00 DEBUG tt4b_product_sync: missing access token for tt4b_product_sync
2023-04-06T20:04:55+00:00 DEBUG tt4b_product_delete: missing access token for tt4b_product_sync
2023-04-06T20:04:55+00:00 DEBUG tt4b_product_sync: missing access token for tt4b_product_sync
2023-04-06T20:04:55+00:00 DEBUG tt4b_product_delete: missing access token for tt4b_product_sync
2023-04-06T20:04:55+00:00 DEBUG tt4b_product_sync: missing access token for tt4b_product_sync
2023-04-06T20:04:55+00:00 DEBUG tt4b_product_delete: missing access token for tt4b_product_sync
2023-04-06T20:04:55+00:00 DEBUG tt4b_product_sync: missing access token for tt4b_product_sync
2023-04-06T20:04:55+00:00 DEBUG tt4b_product_delete: missing access token for tt4b_product_sync
2023-04-06T20:04:55+00:00 DEBUG tt4b_product_sync: missing access token for tt4b_product_sync
2023-04-06T20:04:55+00:00 DEBUG tt4b_product_delete: missing access token for tt4b_product_sync
2023-04-06T20:04:55+00:00 DEBUG tt4b_product_sync: missing access token for tt4b_product_sync
2023-04-06T20:04:55+00:00 DEBUG tt4b_product_delete: missing access token for tt4b_product_sync
2023-04-06T20:04:55+00:00 DEBUG tt4b_product_sync: missing access token for tt4b_product_sync
2023-04-06T20:04:55+00:00 DEBUG tt4b_product_delete: missing access token for tt4b_product_sync
2023-04-06T20:04:55+00:00 DEBUG tt4b_product_sync: missing access token for tt4b_product_sync
2023-04-06T20:04:55+00:00 DEBUG tt4b_product_delete: missing access token for tt4b_product_sync
2023-04-06T20:04:55+00:00 DEBUG tt4b_product_sync: missing access token for tt4b_product_sync
2023-04-06T20:04:55+00:00 DEBUG tt4b_product_delete: missing access token for tt4b_product_sync
2023-04-06T20:04:56+00:00 DEBUG tt4b_product_sync: missing access token for tt4b_product_sync
2023-04-06T20:04:56+00:00 DEBUG tt4b_product_delete: missing access token for tt4b_product_sync
2023-04-06T20:07:03+00:00 DEBUG tt4b_product_sync: missing access token for tt4b_product_sync
2023-04-06T20:07:03+00:00 DEBUG tt4b_product_delete: missing access token for tt4b_product_sync
2023-04-06T20:07:03+00:00 DEBUG tt4b_product_sync: missing access token for tt4b_product_sync
2023-04-06T20:07:03+00:00 DEBUG tt4b_product_delete: missing access token for tt4b_product_sync
2023-04-06T20:07:03+00:00 DEBUG tt4b_product_sync: missing access token for tt4b_product_sync
2023-04-06T20:07:03+00:00 DEBUG tt4b_product_delete: missing access token for tt4b_product_sync
2023-04-06T20:07:03+00:00 DEBUG tt4b_product_sync: missing access token for tt4b_product_sync
2023-04-06T20:07:03+00:00 DEBUG tt4b_product_delete: missing access token for tt4b_product_sync
2023-04-06T20:07:03+00:00 DEBUG tt4b_product_sync: missing access token for tt4b_product_sync
2023-04-06T20:07:03+00:00 DEBUG tt4b_product_delete: missing access token for tt4b_product_sync
2023-04-06T20:07:03+00:00 DEBUG tt4b_product_sync: missing access token for tt4b_product_sync
2023-04-06T20:07:03+00:00 DEBUG tt4b_product_delete: missing access token for tt4b_product_sync
2023-04-06T20:07:03+00:00 DEBUG tt4b_product_sync: missing access token for tt4b_product_sync
2023-04-06T20:07:03+00:00 DEBUG tt4b_product_delete: missing access token for tt4b_product_sync
2023-04-06T20:07:54+00:00 DEBUG tt4b_product_sync: missing access token for tt4b_product_sync
2023-04-06T20:08:12+00:00 DEBUG tt4b_product_sync: missing access token for tt4b_product_sync
2023-04-06T20:09:18+00:00 DEBUG tt4b_product_sync: missing access token for tt4b_product_sync
2023-04-06T20:30:19+00:00 DEBUG tt4b_product_sync: missing access token for tt4b_product_sync
2023-04-06T20:36:54+00:00 DEBUG tt4b_product_sync: missing access token for tt4b_product_sync
2023-04-06T20:52:17+00:00 DEBUG Tt4b_Pixel_Class::inject_view_content_event: hit injectViewContentEvent
2023-04-06T20:52:17+00:00 DEBUG Tt4b_Pixel_Class::inject_view_content_event: Missing option "access_token"
2023-04-06T22:28:56+00:00 DEBUG Tt4b_Pixel_Class::inject_view_content_event: hit injectViewContentEvent
2023-04-06T22:28:56+00:00 DEBUG Tt4b_Pixel_Class::inject_view_content_event: Missing option "access_token"
2023-04-06T22:29:29+00:00 DEBUG tt4b_product_sync: missing access token for tt4b_product_sync
2023-04-06T22:29:38+00:00 DEBUG Tt4b_Pixel_Class::inject_view_content_event: hit injectViewContentEvent
2023-04-06T22:29:38+00:00 DEBUG Tt4b_Pixel_Class::inject_view_content_event: Missing option "access_token"
2023-04-06T22:29:47+00:00 DEBUG Tt4b_Pixel_Class::inject_add_to_cart_event: hit injectAddToCartEvent
2023-04-06T22:29:47+00:00 DEBUG Tt4b_Pixel_Class::inject_add_to_cart_event: Missing option "access_token"
2023-04-06T22:29:47+00:00 DEBUG Tt4b_Pixel_Class::inject_view_content_event: hit injectViewContentEvent
2023-04-06T22:29:47+00:00 DEBUG Tt4b_Pixel_Class::inject_view_content_event: Missing option "access_token"
